<?xml version="1.0" encoding="UTF-8"?>
<!-- Generated by org.testng.reporters.JUnitReportReporter -->
<testsuite hostname="DESKTOP-7L9P12D" failures="0" tests="4" name="testscript.LoginTest" time="54.894" errors="0" timestamp="2025-03-05T14:43:47 IST" skipped="0">
  <testcase classname="testscript.LoginTest" name="userLoginWithValidCredentials" time="13.329"/>
  <testcase classname="testscript.LoginTest" name="userLoginWithInvalidUsernameAndValidPassword" time="23.881"/>
  <testcase classname="testscript.LoginTest" name="userLoginWithvalidUsernameAndInvalidPassword" time="8.331"/>
  <testcase classname="testscript.LoginTest" name="userLoginWithInvalidUsernameAndInvalidPassword" time="9.353"/>
</testsuite> <!-- testscript.LoginTest -->
