<?xml version="1.0" encoding="UTF-8"?>
<!-- Generated by org.testng.reporters.JUnitReportReporter -->
<testsuite hostname="DESKTOP-7L9P12D" failures="0" tests="1" name="testscript.SubCategoryTest" time="6.221" errors="0" timestamp="2025-03-05T13:35:50 IST" skipped="0">
  <testcase classname="testscript.SubCategoryTest" name="verifyWhetherUserIsAbleToSearchNewlyAddedSubCategoryItemsFromSubCategoryList" time="6.221"/>
</testsuite> <!-- testscript.SubCategoryTest -->
