<?xml version="1.0" encoding="UTF-8"?>
<!-- Generated by org.testng.reporters.JUnitReportReporter -->
<testsuite hostname="DESKTOP-7L9P12D" failures="0" tests="4" name="testscript.LoginTest" time="20.815" errors="0" timestamp="2025-02-21T13:51:41 IST" skipped="0">
  <testcase classname="testscript.LoginTest" name="userLoginWithValidCredentails" time="5.911"/>
  <testcase classname="testscript.LoginTest" name="userLoginWithInvalidUsernameAndValidPassword" time="2.950"/>
  <testcase classname="testscript.LoginTest" name="userLoginWithvalidUsernameAndInvalidPassword" time="5.372"/>
  <testcase classname="testscript.LoginTest" name="userLoginWithInvalidUsernameAndInvalidPassword" time="6.582"/>
</testsuite> <!-- testscript.LoginTest -->
