<?xml version="1.0" encoding="UTF-8"?>
<!-- Generated by org.testng.reporters.JUnitReportReporter -->
<testsuite hostname="DESKTOP-7L9P12D" failures="0" tests="1" name="testscript.AdminUsers" time="10.068" errors="0" timestamp="2025-03-05T12:43:03 IST" skipped="0">
  <testcase classname="testscript.AdminUsers" name="deletingTheIdFromTheList" time="10.068"/>
</testsuite> <!-- testscript.AdminUsers -->
