<?xml version="1.0" encoding="UTF-8"?>
<!-- Generated by org.testng.reporters.JUnitReportReporter -->
<testsuite hostname="DESKTOP-7L9P12D" failures="0" tests="1" name="testscript.HomeTest" time="10.869" errors="0" timestamp="2025-03-05T12:48:04 IST" skipped="0">
  <testcase classname="testscript.HomeTest" name="verifyUserIsAbleToLogoutFromTheApplication" time="10.869"/>
</testsuite> <!-- testscript.HomeTest -->
