<?xml version="1.0" encoding="UTF-8"?>
<!-- Generated by org.testng.reporters.JUnitReportReporter -->
<testsuite hostname="DESKTOP-7L9P12D" failures="0" tests="1" name="testscript.ManageNews" time="7.772" errors="0" timestamp="2025-03-05T13:10:00 IST" skipped="0">
  <testcase classname="testscript.ManageNews" name="searchingTheNews" time="7.772"/>
</testsuite> <!-- testscript.ManageNews -->
